app/build/intermediates/manifest_merge_blame_file/debug/processDebugMainManifest/manifest-merger-blame-debug-report.txt
1<?xml version="1.0" encoding="utf-8"?>
2<manifest xmlns:android="http://schemas.android.com/apk/res/android"
3    package="com.studiox.taskit"
4    android:versionCode="1"
5    android:versionName="1.0" >
6
7    <uses-sdk
8        android:minSdkVersion="23"
9        android:targetSdkVersion="35" />
10
11    <uses-permission android:name="android.permission.INTERNET" />
11-->src\main\AndroidManifest.xml:5:5-67
11-->src\main\AndroidManifest.xml:5:22-64
12    <uses-permission android:name="android.permission.VIBRATE" />
12-->src\main\AndroidManifest.xml:6:5-66
12-->src\main\AndroidManifest.xml:6:22-63
13    <uses-permission android:name="android.permission.POST_NOTIFICATIONS" />
13-->src\main\AndroidManifest.xml:7:5-77
13-->src\main\AndroidManifest.xml:7:22-74
14    <uses-permission android:name="android.permission.SCHEDULE_EXACT_ALARM" />
14-->src\main\AndroidManifest.xml:8:5-79
14-->src\main\AndroidManifest.xml:8:22-76
15    <uses-permission android:name="android.permission.USE_EXACT_ALARM" />
15-->src\main\AndroidManifest.xml:9:5-74
15-->src\main\AndroidManifest.xml:9:22-71
16    <uses-permission android:name="android.permission.REQUEST_IGNORE_BATTERY_OPTIMIZATIONS" />
16-->src\main\AndroidManifest.xml:10:5-95
16-->src\main\AndroidManifest.xml:10:22-92
17    <uses-permission android:name="android.permission.ACCESS_NETWORK_STATE" />
17-->[com.google.firebase:firebase-auth:23.1.0] AndroidManifest.xml:26:5-79
17-->[com.google.firebase:firebase-auth:23.1.0] AndroidManifest.xml:26:22-76
18    <uses-permission android:name="android.permission.WAKE_LOCK" />
18-->[com.google.android.gms:play-services-measurement:22.2.0] AndroidManifest.xml:25:5-68
18-->[com.google.android.gms:play-services-measurement:22.2.0] AndroidManifest.xml:25:22-65
19    <uses-permission android:name="com.google.android.finsky.permission.BIND_GET_INSTALL_REFERRER_SERVICE" />
19-->[com.google.android.gms:play-services-measurement:22.2.0] AndroidManifest.xml:26:5-110
19-->[com.google.android.gms:play-services-measurement:22.2.0] AndroidManifest.xml:26:22-107
20    <uses-permission android:name="com.google.android.gms.permission.AD_ID" />
20-->[com.google.android.gms:play-services-measurement-impl:22.2.0] AndroidManifest.xml:27:5-79
20-->[com.google.android.gms:play-services-measurement-impl:22.2.0] AndroidManifest.xml:27:22-76
21    <uses-permission android:name="com.google.android.providers.gsf.permission.READ_GSERVICES" />
21-->[com.google.android.recaptcha:recaptcha:18.5.1] AndroidManifest.xml:9:5-98
21-->[com.google.android.recaptcha:recaptcha:18.5.1] AndroidManifest.xml:9:22-95
22    <uses-permission android:name="android.permission.ACCESS_ADSERVICES_ATTRIBUTION" />
22-->[com.google.android.gms:play-services-measurement-api:22.2.0] AndroidManifest.xml:26:5-88
22-->[com.google.android.gms:play-services-measurement-api:22.2.0] AndroidManifest.xml:26:22-85
23    <uses-permission android:name="android.permission.ACCESS_ADSERVICES_AD_ID" />
23-->[com.google.android.gms:play-services-measurement-api:22.2.0] AndroidManifest.xml:27:5-82
23-->[com.google.android.gms:play-services-measurement-api:22.2.0] AndroidManifest.xml:27:22-79
24
25    <permission
25-->[androidx.core:core:1.13.0] AndroidManifest.xml:22:5-24:47
26        android:name="com.studiox.taskit.DYNAMIC_RECEIVER_NOT_EXPORTED_PERMISSION"
26-->[androidx.core:core:1.13.0] AndroidManifest.xml:23:9-81
27        android:protectionLevel="signature" />
27-->[androidx.core:core:1.13.0] AndroidManifest.xml:24:9-44
28
29    <uses-permission android:name="com.studiox.taskit.DYNAMIC_RECEIVER_NOT_EXPORTED_PERMISSION" />
29-->[androidx.core:core:1.13.0] AndroidManifest.xml:26:5-97
29-->[androidx.core:core:1.13.0] AndroidManifest.xml:26:22-94
30
31    <application
31-->src\main\AndroidManifest.xml:12:5-78:19
32        android:allowBackup="true"
32-->src\main\AndroidManifest.xml:13:9-35
33        android:appComponentFactory="androidx.core.app.CoreComponentFactory"
33-->[androidx.core:core:1.13.0] AndroidManifest.xml:28:18-86
34        android:dataExtractionRules="@xml/data_extraction_rules"
34-->src\main\AndroidManifest.xml:14:9-65
35        android:debuggable="true"
36        android:extractNativeLibs="false"
37        android:fullBackupContent="@xml/backup_rules"
37-->src\main\AndroidManifest.xml:15:9-54
38        android:icon="@mipmap/ic_launcher"
38-->src\main\AndroidManifest.xml:16:9-43
39        android:label="@string/app_name"
39-->src\main\AndroidManifest.xml:17:9-41
40        android:roundIcon="@mipmap/ic_launcher_round"
40-->src\main\AndroidManifest.xml:18:9-54
41        android:supportsRtl="true"
41-->src\main\AndroidManifest.xml:19:9-35
42        android:theme="@style/Theme.TaskIt" >
42-->src\main\AndroidManifest.xml:20:9-44
43        <activity
43-->src\main\AndroidManifest.xml:22:9-24:40
44            android:name="com.studiox.taskit.AboutActivity"
44-->src\main\AndroidManifest.xml:23:13-42
45            android:exported="false" />
45-->src\main\AndroidManifest.xml:24:13-37
46        <activity
46-->src\main\AndroidManifest.xml:25:9-27:40
47            android:name="com.studiox.taskit.HistoryActivity"
47-->src\main\AndroidManifest.xml:26:13-44
48            android:exported="false" />
48-->src\main\AndroidManifest.xml:27:13-37
49        <activity
49-->src\main\AndroidManifest.xml:28:9-30:40
50            android:name="com.studiox.taskit.TaskDetailsActivity"
50-->src\main\AndroidManifest.xml:29:13-48
51            android:exported="false" />
51-->src\main\AndroidManifest.xml:30:13-37
52        <activity
52-->src\main\AndroidManifest.xml:31:9-33:40
53            android:name="com.studiox.taskit.CalendarActivity"
53-->src\main\AndroidManifest.xml:32:13-45
54            android:exported="false" />
54-->src\main\AndroidManifest.xml:33:13-37
55        <activity
55-->src\main\AndroidManifest.xml:34:9-36:40
56            android:name="com.studiox.taskit.SettingsActivity"
56-->src\main\AndroidManifest.xml:35:13-45
57            android:exported="false" />
57-->src\main\AndroidManifest.xml:36:13-37
58        <activity
58-->src\main\AndroidManifest.xml:37:9-39:40
59            android:name="com.studiox.taskit.AddTaskActivity"
59-->src\main\AndroidManifest.xml:38:13-44
60            android:exported="false" />
60-->src\main\AndroidManifest.xml:39:13-37
61        <activity
61-->src\main\AndroidManifest.xml:40:9-42:40
62            android:name="com.studiox.taskit.ProfileActivity"
62-->src\main\AndroidManifest.xml:41:13-44
63            android:exported="false" />
63-->src\main\AndroidManifest.xml:42:13-37
64        <activity
64-->src\main\AndroidManifest.xml:43:9-45:40
65            android:name="com.studiox.taskit.TaskActivity"
65-->src\main\AndroidManifest.xml:44:13-41
66            android:exported="false" />
66-->src\main\AndroidManifest.xml:45:13-37
67        <activity
67-->src\main\AndroidManifest.xml:46:9-48:40
68            android:name="com.studiox.taskit.LoginActivity"
68-->src\main\AndroidManifest.xml:47:13-42
69            android:exported="false" />
69-->src\main\AndroidManifest.xml:48:13-37
70        <activity
70-->src\main\AndroidManifest.xml:49:9-51:40
71            android:name="com.studiox.taskit.SignupActivity"
71-->src\main\AndroidManifest.xml:50:13-43
72            android:exported="false" />
72-->src\main\AndroidManifest.xml:51:13-37
73        <activity
73-->src\main\AndroidManifest.xml:52:9-60:20
74            android:name="com.studiox.taskit.MainActivity"
74-->src\main\AndroidManifest.xml:53:13-41
75            android:exported="true" >
75-->src\main\AndroidManifest.xml:54:13-36
76            <intent-filter>
76-->src\main\AndroidManifest.xml:55:13-59:29
77                <action android:name="android.intent.action.MAIN" />
77-->src\main\AndroidManifest.xml:56:17-69
77-->src\main\AndroidManifest.xml:56:25-66
78
79                <category android:name="android.intent.category.LAUNCHER" />
79-->src\main\AndroidManifest.xml:58:17-77
79-->src\main\AndroidManifest.xml:58:27-74
80            </intent-filter>
81        </activity>
82
83        <receiver
83-->src\main\AndroidManifest.xml:62:9-64:39
84            android:name="com.studiox.taskit.Notification.NotificationReceiver"
84-->src\main\AndroidManifest.xml:63:13-62
85            android:exported="true" />
85-->src\main\AndroidManifest.xml:64:13-36
86        <receiver
86-->src\main\AndroidManifest.xml:65:9-67:39
87            android:name="com.studiox.taskit.Notification.TaskCompletionReceiver"
87-->src\main\AndroidManifest.xml:66:13-64
88            android:exported="true" />
88-->src\main\AndroidManifest.xml:67:13-36
89
90        <provider
91            android:name="androidx.core.content.FileProvider"
91-->src\main\AndroidManifest.xml:70:13-62
92            android:authorities="com.studiox.taskit.provider"
92-->src\main\AndroidManifest.xml:71:13-60
93            android:exported="false"
93-->src\main\AndroidManifest.xml:72:13-37
94            android:grantUriPermissions="true" >
94-->src\main\AndroidManifest.xml:73:13-47
95            <meta-data
95-->src\main\AndroidManifest.xml:74:13-76:54
96                android:name="android.support.FILE_PROVIDER_PATHS"
96-->src\main\AndroidManifest.xml:75:17-67
97                android:resource="@xml/file_paths" />
97-->src\main\AndroidManifest.xml:76:17-51
98        </provider>
99
100        <activity
100-->[com.google.firebase:firebase-auth:23.1.0] AndroidManifest.xml:29:9-46:20
101            android:name="com.google.firebase.auth.internal.GenericIdpActivity"
101-->[com.google.firebase:firebase-auth:23.1.0] AndroidManifest.xml:30:13-80
102            android:excludeFromRecents="true"
102-->[com.google.firebase:firebase-auth:23.1.0] AndroidManifest.xml:31:13-46
103            android:exported="true"
103-->[com.google.firebase:firebase-auth:23.1.0] AndroidManifest.xml:32:13-36
104            android:launchMode="singleTask"
104-->[com.google.firebase:firebase-auth:23.1.0] AndroidManifest.xml:33:13-44
105            android:theme="@android:style/Theme.Translucent.NoTitleBar" >
105-->[com.google.firebase:firebase-auth:23.1.0] AndroidManifest.xml:34:13-72
106            <intent-filter>
106-->[com.google.firebase:firebase-auth:23.1.0] AndroidManifest.xml:35:13-45:29
107                <action android:name="android.intent.action.VIEW" />
107-->[com.google.firebase:firebase-auth:23.1.0] AndroidManifest.xml:36:17-69
107-->[com.google.firebase:firebase-auth:23.1.0] AndroidManifest.xml:36:25-66
108
109                <category android:name="android.intent.category.DEFAULT" />
109-->[com.google.firebase:firebase-auth:23.1.0] AndroidManifest.xml:38:17-76
109-->[com.google.firebase:firebase-auth:23.1.0] AndroidManifest.xml:38:27-73
110                <category android:name="android.intent.category.BROWSABLE" />
110-->[com.google.firebase:firebase-auth:23.1.0] AndroidManifest.xml:39:17-78
110-->[com.google.firebase:firebase-auth:23.1.0] AndroidManifest.xml:39:27-75
111
112                <data
112-->[com.google.firebase:firebase-auth:23.1.0] AndroidManifest.xml:41:17-44:51
113                    android:host="firebase.auth"
113-->[com.google.firebase:firebase-auth:23.1.0] AndroidManifest.xml:42:21-49
114                    android:path="/"
114-->[com.google.firebase:firebase-auth:23.1.0] AndroidManifest.xml:43:21-37
115                    android:scheme="genericidp" />
115-->[com.google.firebase:firebase-auth:23.1.0] AndroidManifest.xml:44:21-48
116            </intent-filter>
117        </activity>
118        <activity
118-->[com.google.firebase:firebase-auth:23.1.0] AndroidManifest.xml:47:9-64:20
119            android:name="com.google.firebase.auth.internal.RecaptchaActivity"
119-->[com.google.firebase:firebase-auth:23.1.0] AndroidManifest.xml:48:13-79
120            android:excludeFromRecents="true"
120-->[com.google.firebase:firebase-auth:23.1.0] AndroidManifest.xml:49:13-46
121            android:exported="true"
121-->[com.google.firebase:firebase-auth:23.1.0] AndroidManifest.xml:50:13-36
122            android:launchMode="singleTask"
122-->[com.google.firebase:firebase-auth:23.1.0] AndroidManifest.xml:51:13-44
123            android:theme="@android:style/Theme.Translucent.NoTitleBar" >
123-->[com.google.firebase:firebase-auth:23.1.0] AndroidManifest.xml:52:13-72
124            <intent-filter>
124-->[com.google.firebase:firebase-auth:23.1.0] AndroidManifest.xml:53:13-63:29
125                <action android:name="android.intent.action.VIEW" />
125-->[com.google.firebase:firebase-auth:23.1.0] AndroidManifest.xml:36:17-69
125-->[com.google.firebase:firebase-auth:23.1.0] AndroidManifest.xml:36:25-66
126
127                <category android:name="android.intent.category.DEFAULT" />
127-->[com.google.firebase:firebase-auth:23.1.0] AndroidManifest.xml:38:17-76
127-->[com.google.firebase:firebase-auth:23.1.0] AndroidManifest.xml:38:27-73
128                <category android:name="android.intent.category.BROWSABLE" />
128-->[com.google.firebase:firebase-auth:23.1.0] AndroidManifest.xml:39:17-78
128-->[com.google.firebase:firebase-auth:23.1.0] AndroidManifest.xml:39:27-75
129
130                <data
130-->[com.google.firebase:firebase-auth:23.1.0] AndroidManifest.xml:41:17-44:51
131                    android:host="firebase.auth"
131-->[com.google.firebase:firebase-auth:23.1.0] AndroidManifest.xml:42:21-49
132                    android:path="/"
132-->[com.google.firebase:firebase-auth:23.1.0] AndroidManifest.xml:43:21-37
133                    android:scheme="recaptcha" />
133-->[com.google.firebase:firebase-auth:23.1.0] AndroidManifest.xml:44:21-48
134            </intent-filter>
135        </activity>
136
137        <service
137-->[com.google.firebase:firebase-auth:23.1.0] AndroidManifest.xml:66:9-72:19
138            android:name="com.google.firebase.components.ComponentDiscoveryService"
138-->[com.google.firebase:firebase-auth:23.1.0] AndroidManifest.xml:67:13-84
139            android:directBootAware="true"
139-->[com.google.firebase:firebase-common:21.0.0] AndroidManifest.xml:32:13-43
140            android:exported="false" >
140-->[com.google.firebase:firebase-auth:23.1.0] AndroidManifest.xml:68:13-37
141            <meta-data
141-->[com.google.firebase:firebase-auth:23.1.0] AndroidManifest.xml:69:13-71:85
142                android:name="com.google.firebase.components:com.google.firebase.auth.FirebaseAuthRegistrar"
142-->[com.google.firebase:firebase-auth:23.1.0] AndroidManifest.xml:70:17-109
143                android:value="com.google.firebase.components.ComponentRegistrar" />
143-->[com.google.firebase:firebase-auth:23.1.0] AndroidManifest.xml:71:17-82
144            <meta-data
144-->[com.google.firebase:firebase-firestore:25.1.1] AndroidManifest.xml:17:13-19:85
145                android:name="com.google.firebase.components:com.google.firebase.firestore.FirebaseFirestoreKtxRegistrar"
145-->[com.google.firebase:firebase-firestore:25.1.1] AndroidManifest.xml:18:17-122
146                android:value="com.google.firebase.components.ComponentRegistrar" />
146-->[com.google.firebase:firebase-firestore:25.1.1] AndroidManifest.xml:19:17-82
147            <meta-data
147-->[com.google.firebase:firebase-firestore:25.1.1] AndroidManifest.xml:20:13-22:85
148                android:name="com.google.firebase.components:com.google.firebase.firestore.FirestoreRegistrar"
148-->[com.google.firebase:firebase-firestore:25.1.1] AndroidManifest.xml:21:17-111
149                android:value="com.google.firebase.components.ComponentRegistrar" />
149-->[com.google.firebase:firebase-firestore:25.1.1] AndroidManifest.xml:22:17-82
150            <meta-data
150-->[com.google.android.gms:play-services-measurement-api:22.2.0] AndroidManifest.xml:33:13-35:85
151                android:name="com.google.firebase.components:com.google.firebase.analytics.connector.internal.AnalyticsConnectorRegistrar"
151-->[com.google.android.gms:play-services-measurement-api:22.2.0] AndroidManifest.xml:34:17-139
152                android:value="com.google.firebase.components.ComponentRegistrar" />
152-->[com.google.android.gms:play-services-measurement-api:22.2.0] AndroidManifest.xml:35:17-82
153            <meta-data
153-->[com.google.firebase:firebase-installations:18.0.0] AndroidManifest.xml:15:13-17:85
154                android:name="com.google.firebase.components:com.google.firebase.installations.FirebaseInstallationsKtxRegistrar"
154-->[com.google.firebase:firebase-installations:18.0.0] AndroidManifest.xml:16:17-130
155                android:value="com.google.firebase.components.ComponentRegistrar" />
155-->[com.google.firebase:firebase-installations:18.0.0] AndroidManifest.xml:17:17-82
156            <meta-data
156-->[com.google.firebase:firebase-installations:18.0.0] AndroidManifest.xml:18:13-20:85
157                android:name="com.google.firebase.components:com.google.firebase.installations.FirebaseInstallationsRegistrar"
157-->[com.google.firebase:firebase-installations:18.0.0] AndroidManifest.xml:19:17-127
158                android:value="com.google.firebase.components.ComponentRegistrar" />
158-->[com.google.firebase:firebase-installations:18.0.0] AndroidManifest.xml:20:17-82
159            <meta-data
159-->[com.google.firebase:firebase-common-ktx:21.0.0] AndroidManifest.xml:12:13-14:85
160                android:name="com.google.firebase.components:com.google.firebase.ktx.FirebaseCommonLegacyRegistrar"
160-->[com.google.firebase:firebase-common-ktx:21.0.0] AndroidManifest.xml:13:17-116
161                android:value="com.google.firebase.components.ComponentRegistrar" />
161-->[com.google.firebase:firebase-common-ktx:21.0.0] AndroidManifest.xml:14:17-82
162            <meta-data
162-->[com.google.firebase:firebase-common:21.0.0] AndroidManifest.xml:35:13-37:85
163                android:name="com.google.firebase.components:com.google.firebase.FirebaseCommonKtxRegistrar"
163-->[com.google.firebase:firebase-common:21.0.0] AndroidManifest.xml:36:17-109
164                android:value="com.google.firebase.components.ComponentRegistrar" />
164-->[com.google.firebase:firebase-common:21.0.0] AndroidManifest.xml:37:17-82
165        </service>
166        <service
166-->[androidx.credentials:credentials-play-services-auth:1.2.0-rc01] AndroidManifest.xml:24:9-32:19
167            android:name="androidx.credentials.playservices.CredentialProviderMetadataHolder"
167-->[androidx.credentials:credentials-play-services-auth:1.2.0-rc01] AndroidManifest.xml:25:13-94
168            android:enabled="true"
168-->[androidx.credentials:credentials-play-services-auth:1.2.0-rc01] AndroidManifest.xml:26:13-35
169            android:exported="false" >
169-->[androidx.credentials:credentials-play-services-auth:1.2.0-rc01] AndroidManifest.xml:27:13-37
170            <meta-data
170-->[androidx.credentials:credentials-play-services-auth:1.2.0-rc01] AndroidManifest.xml:29:13-31:104
171                android:name="androidx.credentials.CREDENTIAL_PROVIDER_KEY"
171-->[androidx.credentials:credentials-play-services-auth:1.2.0-rc01] AndroidManifest.xml:30:17-76
172                android:value="androidx.credentials.playservices.CredentialProviderPlayServicesImpl" />
172-->[androidx.credentials:credentials-play-services-auth:1.2.0-rc01] AndroidManifest.xml:31:17-101
173        </service>
174
175        <activity
175-->[androidx.credentials:credentials-play-services-auth:1.2.0-rc01] AndroidManifest.xml:34:9-41:20
176            android:name="androidx.credentials.playservices.HiddenActivity"
176-->[androidx.credentials:credentials-play-services-auth:1.2.0-rc01] AndroidManifest.xml:35:13-76
177            android:configChanges="orientation|screenSize|screenLayout|keyboardHidden"
177-->[androidx.credentials:credentials-play-services-auth:1.2.0-rc01] AndroidManifest.xml:36:13-87
178            android:enabled="true"
178-->[androidx.credentials:credentials-play-services-auth:1.2.0-rc01] AndroidManifest.xml:37:13-35
179            android:exported="false"
179-->[androidx.credentials:credentials-play-services-auth:1.2.0-rc01] AndroidManifest.xml:38:13-37
180            android:fitsSystemWindows="true"
180-->[androidx.credentials:credentials-play-services-auth:1.2.0-rc01] AndroidManifest.xml:39:13-45
181            android:theme="@style/Theme.Hidden" >
181-->[androidx.credentials:credentials-play-services-auth:1.2.0-rc01] AndroidManifest.xml:40:13-48
182        </activity>
183        <activity
183-->[com.google.android.gms:play-services-auth:21.3.0] AndroidManifest.xml:23:9-27:75
184            android:name="com.google.android.gms.auth.api.signin.internal.SignInHubActivity"
184-->[com.google.android.gms:play-services-auth:21.3.0] AndroidManifest.xml:24:13-93
185            android:excludeFromRecents="true"
185-->[com.google.android.gms:play-services-auth:21.3.0] AndroidManifest.xml:25:13-46
186            android:exported="false"
186-->[com.google.android.gms:play-services-auth:21.3.0] AndroidManifest.xml:26:13-37
187            android:theme="@android:style/Theme.Translucent.NoTitleBar" />
187-->[com.google.android.gms:play-services-auth:21.3.0] AndroidManifest.xml:27:13-72
188        <!--
189            Service handling Google Sign-In user revocation. For apps that do not integrate with
190            Google Sign-In, this service will never be started.
191        -->
192        <service
192-->[com.google.android.gms:play-services-auth:21.3.0] AndroidManifest.xml:33:9-37:51
193            android:name="com.google.android.gms.auth.api.signin.RevocationBoundService"
193-->[com.google.android.gms:play-services-auth:21.3.0] AndroidManifest.xml:34:13-89
194            android:exported="true"
194-->[com.google.android.gms:play-services-auth:21.3.0] AndroidManifest.xml:35:13-36
195            android:permission="com.google.android.gms.auth.api.signin.permission.REVOCATION_NOTIFICATION"
195-->[com.google.android.gms:play-services-auth:21.3.0] AndroidManifest.xml:36:13-107
196            android:visibleToInstantApps="true" />
196-->[com.google.android.gms:play-services-auth:21.3.0] AndroidManifest.xml:37:13-48
197
198        <receiver
198-->[com.google.android.gms:play-services-measurement:22.2.0] AndroidManifest.xml:29:9-33:20
199            android:name="com.google.android.gms.measurement.AppMeasurementReceiver"
199-->[com.google.android.gms:play-services-measurement:22.2.0] AndroidManifest.xml:30:13-85
200            android:enabled="true"
200-->[com.google.android.gms:play-services-measurement:22.2.0] AndroidManifest.xml:31:13-35
201            android:exported="false" >
201-->[com.google.android.gms:play-services-measurement:22.2.0] AndroidManifest.xml:32:13-37
202        </receiver>
203
204        <service
204-->[com.google.android.gms:play-services-measurement:22.2.0] AndroidManifest.xml:35:9-38:40
205            android:name="com.google.android.gms.measurement.AppMeasurementService"
205-->[com.google.android.gms:play-services-measurement:22.2.0] AndroidManifest.xml:36:13-84
206            android:enabled="true"
206-->[com.google.android.gms:play-services-measurement:22.2.0] AndroidManifest.xml:37:13-35
207            android:exported="false" />
207-->[com.google.android.gms:play-services-measurement:22.2.0] AndroidManifest.xml:38:13-37
208        <service
208-->[com.google.android.gms:play-services-measurement:22.2.0] AndroidManifest.xml:39:9-43:72
209            android:name="com.google.android.gms.measurement.AppMeasurementJobService"
209-->[com.google.android.gms:play-services-measurement:22.2.0] AndroidManifest.xml:40:13-87
210            android:enabled="true"
210-->[com.google.android.gms:play-services-measurement:22.2.0] AndroidManifest.xml:41:13-35
211            android:exported="false"
211-->[com.google.android.gms:play-services-measurement:22.2.0] AndroidManifest.xml:42:13-37
212            android:permission="android.permission.BIND_JOB_SERVICE" />
212-->[com.google.android.gms:play-services-measurement:22.2.0] AndroidManifest.xml:43:13-69
213
214        <activity
214-->[com.google.android.gms:play-services-base:18.5.0] AndroidManifest.xml:5:9-173
215            android:name="com.google.android.gms.common.api.GoogleApiActivity"
215-->[com.google.android.gms:play-services-base:18.5.0] AndroidManifest.xml:5:19-85
216            android:exported="false"
216-->[com.google.android.gms:play-services-base:18.5.0] AndroidManifest.xml:5:146-170
217            android:theme="@android:style/Theme.Translucent.NoTitleBar" />
217-->[com.google.android.gms:play-services-base:18.5.0] AndroidManifest.xml:5:86-145
218
219        <provider
219-->[com.google.firebase:firebase-common:21.0.0] AndroidManifest.xml:23:9-28:39
220            android:name="com.google.firebase.provider.FirebaseInitProvider"
220-->[com.google.firebase:firebase-common:21.0.0] AndroidManifest.xml:24:13-77
221            android:authorities="com.studiox.taskit.firebaseinitprovider"
221-->[com.google.firebase:firebase-common:21.0.0] AndroidManifest.xml:25:13-72
222            android:directBootAware="true"
222-->[com.google.firebase:firebase-common:21.0.0] AndroidManifest.xml:26:13-43
223            android:exported="false"
223-->[com.google.firebase:firebase-common:21.0.0] AndroidManifest.xml:27:13-37
224            android:initOrder="100" />
224-->[com.google.firebase:firebase-common:21.0.0] AndroidManifest.xml:28:13-36
225
226        <uses-library
226-->[androidx.privacysandbox.ads:ads-adservices:1.0.0-beta05] AndroidManifest.xml:23:9-25:40
227            android:name="android.ext.adservices"
227-->[androidx.privacysandbox.ads:ads-adservices:1.0.0-beta05] AndroidManifest.xml:24:13-50
228            android:required="false" />
228-->[androidx.privacysandbox.ads:ads-adservices:1.0.0-beta05] AndroidManifest.xml:25:13-37
229
230        <provider
230-->[androidx.emoji2:emoji2:1.3.0] AndroidManifest.xml:24:9-32:20
231            android:name="androidx.startup.InitializationProvider"
231-->[androidx.emoji2:emoji2:1.3.0] AndroidManifest.xml:25:13-67
232            android:authorities="com.studiox.taskit.androidx-startup"
232-->[androidx.emoji2:emoji2:1.3.0] AndroidManifest.xml:26:13-68
233            android:exported="false" >
233-->[androidx.emoji2:emoji2:1.3.0] AndroidManifest.xml:27:13-37
234            <meta-data
234-->[androidx.emoji2:emoji2:1.3.0] AndroidManifest.xml:29:13-31:52
235                android:name="androidx.emoji2.text.EmojiCompatInitializer"
235-->[androidx.emoji2:emoji2:1.3.0] AndroidManifest.xml:30:17-75
236                android:value="androidx.startup" />
236-->[androidx.emoji2:emoji2:1.3.0] AndroidManifest.xml:31:17-49
237            <meta-data
237-->[androidx.lifecycle:lifecycle-process:2.6.2] AndroidManifest.xml:29:13-31:52
238                android:name="androidx.lifecycle.ProcessLifecycleInitializer"
238-->[androidx.lifecycle:lifecycle-process:2.6.2] AndroidManifest.xml:30:17-78
239                android:value="androidx.startup" />
239-->[androidx.lifecycle:lifecycle-process:2.6.2] AndroidManifest.xml:31:17-49
240            <meta-data
240-->[androidx.profileinstaller:profileinstaller:1.4.0] AndroidManifest.xml:29:13-31:52
241                android:name="androidx.profileinstaller.ProfileInstallerInitializer"
241-->[androidx.profileinstaller:profileinstaller:1.4.0] AndroidManifest.xml:30:17-85
242                android:value="androidx.startup" />
242-->[androidx.profileinstaller:profileinstaller:1.4.0] AndroidManifest.xml:31:17-49
243        </provider>
244
245        <meta-data
245-->[com.google.android.gms:play-services-basement:18.5.0] AndroidManifest.xml:21:9-23:69
246            android:name="com.google.android.gms.version"
246-->[com.google.android.gms:play-services-basement:18.5.0] AndroidManifest.xml:22:13-58
247            android:value="@integer/google_play_services_version" />
247-->[com.google.android.gms:play-services-basement:18.5.0] AndroidManifest.xml:23:13-66
248
249        <receiver
249-->[androidx.profileinstaller:profileinstaller:1.4.0] AndroidManifest.xml:34:9-52:20
250            android:name="androidx.profileinstaller.ProfileInstallReceiver"
250-->[androidx.profileinstaller:profileinstaller:1.4.0] AndroidManifest.xml:35:13-76
251            android:directBootAware="false"
251-->[androidx.profileinstaller:profileinstaller:1.4.0] AndroidManifest.xml:36:13-44
252            android:enabled="true"
252-->[androidx.profileinstaller:profileinstaller:1.4.0] AndroidManifest.xml:37:13-35
253            android:exported="true"
253-->[androidx.profileinstaller:profileinstaller:1.4.0] AndroidManifest.xml:38:13-36
254            android:permission="android.permission.DUMP" >
254-->[androidx.profileinstaller:profileinstaller:1.4.0] AndroidManifest.xml:39:13-57
255            <intent-filter>
255-->[androidx.profileinstaller:profileinstaller:1.4.0] AndroidManifest.xml:40:13-42:29
256                <action android:name="androidx.profileinstaller.action.INSTALL_PROFILE" />
256-->[androidx.profileinstaller:profileinstaller:1.4.0] AndroidManifest.xml:41:17-91
256-->[androidx.profileinstaller:profileinstaller:1.4.0] AndroidManifest.xml:41:25-88
257            </intent-filter>
258            <intent-filter>
258-->[androidx.profileinstaller:profileinstaller:1.4.0] AndroidManifest.xml:43:13-45:29
259                <action android:name="androidx.profileinstaller.action.SKIP_FILE" />
259-->[androidx.profileinstaller:profileinstaller:1.4.0] AndroidManifest.xml:44:17-85
259-->[androidx.profileinstaller:profileinstaller:1.4.0] AndroidManifest.xml:44:25-82
260            </intent-filter>
261            <intent-filter>
261-->[androidx.profileinstaller:profileinstaller:1.4.0] AndroidManifest.xml:46:13-48:29
262                <action android:name="androidx.profileinstaller.action.SAVE_PROFILE" />
262-->[androidx.profileinstaller:profileinstaller:1.4.0] AndroidManifest.xml:47:17-88
262-->[androidx.profileinstaller:profileinstaller:1.4.0] AndroidManifest.xml:47:25-85
263            </intent-filter>
264            <intent-filter>
264-->[androidx.profileinstaller:profileinstaller:1.4.0] AndroidManifest.xml:49:13-51:29